	.cpu cortex-m0
	.fpu softvfp
	.eabi_attribute 20, 1
	.eabi_attribute 21, 1
	.eabi_attribute 23, 3
	.eabi_attribute 24, 1
	.eabi_attribute 25, 1
	.eabi_attribute 26, 1
	.eabi_attribute 30, 4
	.eabi_attribute 34, 0
	.eabi_attribute 18, 4
	.code	16
	.file	"main.cpp"
	.section	.text._Zli3_msy,"ax",%progbits
	.align	1
	.global	_Zli3_msy
	.code	16
	.thumb_func
	.type	_Zli3_msy, %function
_Zli3_msy:
	@ sp needed
	bx	lr
	.size	_Zli3_msy, .-_Zli3_msy
	.section	.text.startup.main,"ax",%progbits
	.align	1
	.global	main
	.code	16
	.thumb_func
	.type	main, %function
main:
	mov	r0, #0
	@ sp needed
	bx	lr
	.size	main, .-main
	.weak	_ZN5hwcpp2io4coutE
	.section	.data._ZN5hwcpp2io4coutE,"aw",%progbits
	.align	2
	.type	_ZN5hwcpp2io4coutE, %object
	.size	_ZN5hwcpp2io4coutE, 20
_ZN5hwcpp2io4coutE:
	.word	0
	.word	10
	.byte	32
	.byte	65
	.byte	1
	.byte	0
	.byte	0
	.byte	0
	.space	2
	.word	0
	.ident	"GCC: (GNU Tools for ARM Embedded Processors) 4.9.3 20141119 (release) [ARM/embedded-4_9-branch revision 218278]"
