	.cpu cortex-m0
	.fpu softvfp
	.eabi_attribute 20, 1
	.eabi_attribute 21, 1
	.eabi_attribute 23, 3
	.eabi_attribute 24, 1
	.eabi_attribute 25, 1
	.eabi_attribute 26, 1
	.eabi_attribute 30, 4
	.eabi_attribute 34, 0
	.eabi_attribute 18, 4
	.code	16
	.file	"main.cpp"
	.global	__aeabi_i2d
	.global	__aeabi_dcmpgt
	.section	.text._Z1fi,"ax",%progbits
	.align	1
	.global	_Z1fi
	.code	16
	.thumb_func
	.type	_Z1fi, %function
_Z1fi:
	push	{r3, lr}
	bl	__aeabi_i2d
	bl	sin
	ldr	r3, .L3
	mov	r2, #0
	bl	__aeabi_dcmpgt
	@ sp needed
	sub	r3, r0, #1
	sbc	r0, r0, r3
	pop	{r3, pc}
.L4:
	.align	2
.L3:
	.word	1071644672
	.size	_Z1fi, .-_Z1fi
	.section	.text.startup.main,"ax",%progbits
	.align	1
	.global	main
	.code	16
	.thumb_func
	.type	main, %function
main:
	push	{r0, r1, r2, lr}
	mov	r0, #12
	bl	_Z1fi
	mov	r3, sp
	strb	r0, [r3, #7]
	add	r3, r3, #7
	mov	r0, #0
	ldrb	r3, [r3]
	@ sp needed
	pop	{r1, r2, r3, pc}
	.size	main, .-main
	.ident	"GCC: (GNU Tools for ARM Embedded Processors) 4.9.3 20141119 (release) [ARM/embedded-4_9-branch revision 218278]"
