	.cpu cortex-m0
	.fpu softvfp
	.eabi_attribute 20, 1
	.eabi_attribute 21, 1
	.eabi_attribute 23, 3
	.eabi_attribute 24, 1
	.eabi_attribute 25, 1
	.eabi_attribute 26, 1
	.eabi_attribute 30, 4
	.eabi_attribute 34, 0
	.eabi_attribute 18, 4
	.code	16
	.file	"main.cpp"
	.section	.text._Z3nowv,"ax",%progbits
	.align	1
	.global	_Z3nowv
	.code	16
	.thumb_func
	.type	_Z3nowv, %function
_Z3nowv:
	ldr	r3, .L4
	push	{r4, r5, r6, r7, lr}
	ldr	r0, [r3, #8]
	ldr	r3, .L4+4
	mvn	r0, r0
	ldr	r1, [r3]
	lsl	r0, r0, #8
	mov	r2, r3
	lsr	r0, r0, #8
	ldr	r3, .L4+8
	cmp	r0, r1
	bcs	.L2
	ldr	r6, [r3]
	ldr	r7, [r3, #4]
	mov	r4, #128
	mov	r5, #0
	lsl	r4, r4, #17
	add	r4, r4, r6
	adc	r5, r5, r7
	str	r4, [r3]
	str	r5, [r3, #4]
.L2:
	str	r0, [r2]
	ldr	r2, [r3]
	ldr	r1, [r3, #4]
	orr	r0, r2
	@ sp needed
	pop	{r4, r5, r6, r7, pc}
.L5:
	.align	2
.L4:
	.word	-536813552
	.word	_ZZN5hwcpp12lpc1114_baseILi4096ELi32768ELi12000000EE8timer_643nowEvE8last_low
	.word	_ZZN5hwcpp12lpc1114_baseILi4096ELi32768ELi12000000EE8timer_643nowEvE4high
	.size	_Z3nowv, .-_Z3nowv
	.section	.text._Znwj,"ax",%progbits
	.align	1
	.global	_Znwj
	.code	16
	.thumb_func
	.type	_Znwj, %function
_Znwj:
	push	{r3, lr}
	bl	malloc
	@ sp needed
	pop	{r3, pc}
	.size	_Znwj, .-_Znwj
	.section	.text._Z4waitx,"ax",%progbits
	.align	1
	.global	_Z4waitx
	.code	16
	.thumb_func
	.type	_Z4waitx, %function
_Z4waitx:
	push	{r3, r4, r5, lr}
	mov	r4, r0
	mov	r5, r1
	bl	_Z3nowv
	add	r4, r4, r0
	adc	r5, r5, r1
.L8:
	bl	_Z3nowv
	cmp	r5, r1
	bgt	.L8
	bne	.L7
	cmp	r4, r0
	bhi	.L8
.L7:
	@ sp needed
	pop	{r3, r4, r5, pc}
	.size	_Z4waitx, .-_Z4waitx
	.section	.text.startup.main,"ax",%progbits
	.align	1
	.global	main
	.code	16
	.thumb_func
	.type	main, %function
main:
	mov	r2, #0
	ldr	r3, .L12
	ldr	r1, .L12+4
	push	{r4, lr}
	str	r2, [r3]
	str	r1, [r3, #4]
	mov	r1, #128
	str	r2, [r3, #8]
	add	r2, r2, #1
	str	r2, [r3]
	ldr	r2, .L12+8
	lsl	r1, r1, #9
	ldr	r3, [r2, #124]
	orr	r3, r1
	mov	r1, #7
	str	r3, [r2, #124]
	ldr	r2, .L12+12
	ldr	r3, [r2]
	bic	r3, r1
	add	r1, r1, #121
	orr	r3, r1
	str	r3, [r2]
	ldr	r2, .L12+16
	sub	r1, r1, #112
	ldr	r3, [r2]
	orr	r3, r1
	str	r3, [r2]
.L11:
	mov	r3, #1
	ldr	r4, .L12+20
	neg	r3, r3
	str	r3, [r4]
	ldr	r0, .L12+24
	mov	r1, #0
	bl	_Z4waitx
	mov	r3, #0
	ldr	r0, .L12+24
	str	r3, [r4]
	mov	r1, #0
	bl	_Z4waitx
	b	.L11
.L13:
	.align	2
.L12:
	.word	-536813552
	.word	16777215
	.word	1074036740
	.word	1074020500
	.word	1342275584
	.word	1342242880
	.word	1200000
	.size	main, .-main
	.weak	_ZZN5hwcpp12lpc1114_baseILi4096ELi32768ELi12000000EE8timer_643nowEvE4high
	.section	.bss._ZZN5hwcpp12lpc1114_baseILi4096ELi32768ELi12000000EE8timer_643nowEvE4high,"awG",%nobits,_ZZN5hwcpp12lpc1114_baseILi4096ELi32768ELi12000000EE8timer_643nowEvE4high,comdat
	.align	3
	.type	_ZZN5hwcpp12lpc1114_baseILi4096ELi32768ELi12000000EE8timer_643nowEvE4high, %object
	.size	_ZZN5hwcpp12lpc1114_baseILi4096ELi32768ELi12000000EE8timer_643nowEvE4high, 8
_ZZN5hwcpp12lpc1114_baseILi4096ELi32768ELi12000000EE8timer_643nowEvE4high:
	.space	8
	.weak	_ZZN5hwcpp12lpc1114_baseILi4096ELi32768ELi12000000EE8timer_643nowEvE8last_low
	.section	.bss._ZZN5hwcpp12lpc1114_baseILi4096ELi32768ELi12000000EE8timer_643nowEvE8last_low,"awG",%nobits,_ZZN5hwcpp12lpc1114_baseILi4096ELi32768ELi12000000EE8timer_643nowEvE8last_low,comdat
	.align	2
	.type	_ZZN5hwcpp12lpc1114_baseILi4096ELi32768ELi12000000EE8timer_643nowEvE8last_low, %object
	.size	_ZZN5hwcpp12lpc1114_baseILi4096ELi32768ELi12000000EE8timer_643nowEvE8last_low, 4
_ZZN5hwcpp12lpc1114_baseILi4096ELi32768ELi12000000EE8timer_643nowEvE8last_low:
	.space	4
	.weak	_ZN5hwcpp2io4coutE
	.section	.data._ZN5hwcpp2io4coutE,"aw",%progbits
	.align	2
	.type	_ZN5hwcpp2io4coutE, %object
	.size	_ZN5hwcpp2io4coutE, 20
_ZN5hwcpp2io4coutE:
	.word	0
	.word	10
	.byte	32
	.byte	65
	.byte	1
	.byte	0
	.byte	0
	.byte	0
	.space	2
	.word	0
	.ident	"GCC: (GNU Tools for ARM Embedded Processors) 4.9.3 20141119 (release) [ARM/embedded-4_9-branch revision 218278]"
